make all --print-data-base --no-builtin-variables --no-builtin-rules --question
# GNU Make 3.81
# Copyright (C) 2006  Free Software Foundation, Inc.
# This is free software; see the source for copying conditions.
# There is NO warranty; not even for MERCHANTABILITY or FITNESS FOR A
# PARTICULAR PURPOSE.

# This program built for i386-apple-darwin11.3.0

# Make data base, printed on Sun Jul  3 22:57:59 2022

# Variables

# automatic
<D = $(patsubst %/,%,$(dir $<))
# automatic
?F = $(notdir $?)
# environment
VSCODE_LOG_NATIVE = false
# automatic
?D = $(patsubst %/,%,$(dir $?))
# environment
PLATFORMIO_IDE = 2.5.0
# automatic
@D = $(patsubst %/,%,$(dir $@))
# automatic
@F = $(notdir $@)
# makefile
CURDIR := /Users/behnamkarimi/ducas/Lattice-IBE
# makefile
SHELL = /bin/sh
# environment
VSCODE_NLS_CONFIG = {"locale":"en-us","availableLanguages":{},"_languagePackSupport":true}
# environment
_ = /usr/bin/make
# makefile (from `Makefile', line 1)
MAKEFILE_LIST :=  Makefile
# environment
VSCODE_VERBOSE_LOGGING = true
# environment
__CFBundleIdentifier = com.microsoft.VSCode
# environment
VSCODE_IPC_HOOK_EXTHOST = /var/folders/7n/rh9b_hkx75s759kkrrlgy30w0000gn/T/vscode-ipc-1a81d39d-a021-447c-bd8b-d09b4bce9ba8.sock
# environment
VSCODE_CWD = /
# environment
NO_PROXY = 127.0.0.1
# makefile (from `Makefile', line 3)
AR = ar
# environment
VSCODE_LOG_STACK = false
# environment
ELECTRON_RUN_AS_NODE = 1
# makefile (from `Makefile', line 7)
LDFLAGS = -lntl -lgmp 
# default
.FEATURES := target-specific order-only second-expansion else-if archives jobserver check-symlink
# environment
SSH_AUTH_SOCK = /private/tmp/com.apple.launchd.Ep1Ir2S1gE/Listeners
# automatic
%F = $(notdir $%)
# environment
VSCODE_PIPE_LOGGING = true
# makefile (from `Makefile', line 18)
OBJS = $(SRCS:.cc=.o)
# environment
PWD = /Users/behnamkarimi/ducas/Lattice-IBE
# environment
ORIGINAL_XDG_CURRENT_DESKTOP = undefined
# environment
VSCODE_AMD_ENTRYPOINT = vs/workbench/api/node/extensionHostProcess
# environment
HOME = /Users/behnamkarimi
# default
MAKEFILEPATH := /Applications/Xcode.app/Contents/Developer/Makefiles
# environment
VSCODE_CODE_CACHE_PATH = /Users/behnamkarimi/Library/Application Support/Code/CachedData/30d9c6cd9483b2cc586687151bcbcd635f373630
# environment
LOGNAME = behnamkarimi
# environment
APPLICATION_INSIGHTS_NO_DIAGNOSTIC_CHANNEL = 1
# makefile (from `Makefile', line 1)
PREFIX = $(HOME)
# environment
VSCODE_HANDLES_UNCAUGHT_ERRORS = true
# automatic
^D = $(patsubst %/,%,$(dir $^))
# environment
PLATFORMIO_PATH = /Users/behnamkarimi/.platformio/python3/bin:/Library/Frameworks/Python.framework/Versions/3.10/bin:/Library/Frameworks/Python.framework/Versions/3.9/bin:/opt/anaconda3/bin:/Library/Frameworks/Python.framework/Versions/3.8/bin:/anaconda3/bin:/usr/local/bin:/usr/bin:/bin:/usr/sbin:/sbin:/Applications/VMware Fusion.app/Contents/Public:/Library/TeX/texbin:/usr/local/go/bin:/Library/Apple/usr/bin:/Library/Frameworks/Mono.framework/Versions/Current/Commands:/usr/local/CrossPack-AVR/bin:/Applications/microchip/xc8/v2.32/bin
# default
MAKE = $(MAKE_COMMAND)
# default
MAKECMDGOALS := all
# environment
PATH = /Library/Frameworks/Python.framework/Versions/3.10/bin:/Library/Frameworks/Python.framework/Versions/3.9/bin:/opt/anaconda3/bin:/Library/Frameworks/Python.framework/Versions/3.8/bin:/anaconda3/bin:/usr/local/bin:/usr/bin:/bin:/usr/sbin:/sbin:/Applications/VMware Fusion.app/Contents/Public:/Library/TeX/texbin:/usr/local/go/bin:/Library/Apple/usr/bin:/Library/Frameworks/Mono.framework/Versions/Current/Commands:/usr/local/CrossPack-AVR/bin:/Applications/microchip/xc8/v2.32/bin
# makefile (from `Makefile', line 17)
SRCS = $(wildcard *.cc)
# environment
SHLVL = 2
# environment
XPC_FLAGS = 0x0
# makefile (from `Makefile', line 2)
CC = g++
# default
MAKE_VERSION := 3.81
# environment
USER = behnamkarimi
# makefile
.DEFAULT_GOAL := all
# makefile (from `Makefile', line 6)
CCFLAGS = -Wall -std=gnu++0x -Ofast 
# automatic
%D = $(patsubst %/,%,$(dir $%))
# default
MAKE_COMMAND := /Applications/Xcode.app/Contents/Developer/usr/bin/make
# default
.VARIABLES := 
# environment
TMPDIR = /var/folders/7n/rh9b_hkx75s759kkrrlgy30w0000gn/T/
# automatic
*F = $(notdir $*)
# environment
VSCODE_IPC_HOOK = /Users/behnamkarimi/Library/Application Support/Code/1.68.1-main.sock
# makefile
MAKEFLAGS = Rrqp
# environment
MFLAGS = -Rrqp
# automatic
*D = $(patsubst %/,%,$(dir $*))
# environment
XPC_SERVICE_NAME = application.com.microsoft.VSCode.52872614.52872620
# automatic
+D = $(patsubst %/,%,$(dir $+))
# automatic
+F = $(notdir $+)
# environment
__CF_USER_TEXT_ENCODING = 0x1F5:0x0:0x0
# environment
COMMAND_MODE = unix2003
# default
MAKEFILES := 
# automatic
<F = $(notdir $<)
# environment
PLATFORMIO_CALLER = vscode
# environment
LC_ALL = C
# automatic
^F = $(notdir $^)
# default
SUFFIXES := 
# default
.INCLUDE_DIRS = /usr/local/include
# environment
MAKELEVEL := 0
# environment
PICO_SDK_PATH = /Users/behnamkarimi/git/pico-sdk
# environment
LANG = C
# environment
VSCODE_PID = 33932
# variable set hash-table stats:
# Load=74/1024=7%, Rehash=0, Collisions=7/100=7%

# Pattern-specific Variable Values

# No pattern-specific variable values.

# Directories

# . (device 16777220, inode 53512992): 32 files, no impossibilities.

# 32 files, no impossibilities in 1 directories.

# Implicit Rules

%.o: %.cc params.h
#  commands to execute (from `Makefile', line 28):
	$(CC) $(CCFLAGS) -c $< 
	

# 1 implicit rules, 0 (0.0%) terminal.

# Files

# Not a target:
Random.cc:
#  Implicit rule search has been done.
#  Last modified 2022-07-02 21:05:42
#  File has been updated.
#  Successfully updated.
# variable set hash-table stats:
# Load=0/32=0%, Rehash=0, Collisions=0/0=0%

mrproper:
#  Phony target (prerequisite of .PHONY).
#  Implicit rule search has not been done.
#  File does not exist.
#  File has not been updated.
#  commands to execute (from `Makefile', line 34):
	rm -f PECKS
	

all: PECKS
#  Phony target (prerequisite of .PHONY).
#  Command-line target.
#  Implicit rule search has not been done.
#  File does not exist.
#  File has been updated.
#  Successfully updated.
# variable set hash-table stats:
# Load=0/32=0%, Rehash=0, Collisions=0/0=0%

io.o: io.cc params.h
#  Implicit rule search has been done.
#  Implicit/static pattern stem: `io'
#  Last modified 2022-07-03 22:47:48
#  File has been updated.
#  Successfully updated.
# variable set hash-table stats:
# Load=0/32=0%, Rehash=0, Collisions=0/0=0%
#  commands to execute (from `Makefile', line 28):
	$(CC) $(CCFLAGS) -c $< 
	

Sampling.o: Sampling.cc params.h
#  Implicit rule search has been done.
#  Implicit/static pattern stem: `Sampling'
#  Last modified 2022-07-03 22:47:45
#  File has been updated.
#  Successfully updated.
# variable set hash-table stats:
# Load=0/32=0%, Rehash=0, Collisions=0/0=0%
#  commands to execute (from `Makefile', line 28):
	$(CC) $(CCFLAGS) -c $< 
	

.PHONY: all clean mrproper
#  Implicit rule search has not been done.
#  Modification time never checked.
#  File has not been updated.

Scheme.o: Scheme.cc params.h
#  Implicit rule search has been done.
#  Implicit/static pattern stem: `Scheme'
#  Last modified 2022-07-03 22:47:47
#  File has been updated.
#  Successfully updated.
# variable set hash-table stats:
# Load=0/32=0%, Rehash=0, Collisions=0/0=0%
#  commands to execute (from `Makefile', line 28):
	$(CC) $(CCFLAGS) -c $< 
	

# Not a target:
io.cc:
#  Implicit rule search has been done.
#  Last modified 2022-07-02 21:05:42
#  File has been updated.
#  Successfully updated.
# variable set hash-table stats:
# Load=0/32=0%, Rehash=0, Collisions=0/0=0%

# Not a target:
Sampling.cc:
#  Implicit rule search has been done.
#  Last modified 2022-07-02 21:05:42
#  File has been updated.
#  Successfully updated.
# variable set hash-table stats:
# Load=0/32=0%, Rehash=0, Collisions=0/0=0%

# Not a target:
.SUFFIXES:
#  Implicit rule search has not been done.
#  Modification time never checked.
#  File has not been updated.

# Not a target:
params.h:
#  Implicit rule search has been done.
#  Last modified 2022-07-03 22:47:38
#  File has been updated.
#  Successfully updated.
# variable set hash-table stats:
# Load=0/32=0%, Rehash=0, Collisions=0/0=0%

# Not a target:
Makefile:
 
#  Implicit rule search has been done.
#  Last modified 2022-07-03 18:35:17
#  File has been updated.
#  Successfully updated.
# variable set hash-table stats:
# Load=0/32=0%, Rehash=0, Collisions=0/0=0%

# Not a target:
Scheme.cc:
#  Implicit rule search has been done.
#  Last modified 2022-07-03 22:45:34
#  File has been updated.
#  Successfully updated.
# variable set hash-table stats:
# Load=0/32=0%, Rehash=0, Collisions=0/0=0%

FFT.o: FFT.cc params.h
#  Implicit rule search has been done.
#  Implicit/static pattern stem: `FFT'
#  Last modified 2022-07-03 22:47:44
#  File has been updated.
#  Successfully updated.
# variable set hash-table stats:
# Load=0/32=0%, Rehash=0, Collisions=0/0=0%
#  commands to execute (from `Makefile', line 28):
	$(CC) $(CCFLAGS) -c $< 
	

# Not a target:
.DEFAULT:
#  Implicit rule search has not been done.
#  Modification time never checked.
#  File has not been updated.

clean:
#  Phony target (prerequisite of .PHONY).
#  Implicit rule search has not been done.
#  File does not exist.
#  File has not been updated.
#  commands to execute (from `Makefile', line 31):
	rm -f *.o
	

# Not a target:
FFT.cc:
#  Implicit rule search has been done.
#  Last modified 2022-07-02 21:05:42
#  File has been updated.
#  Successfully updated.
# variable set hash-table stats:
# Load=0/32=0%, Rehash=0, Collisions=0/0=0%

PECKS: Algebra.o FFT.o Random.o Sampling.o Scheme.o io.o main.o
#  Implicit rule search has not been done.
#  Last modified 2022-07-03 22:47:49
#  File has been updated.
#  Successfully updated.
# variable set hash-table stats:
# Load=0/32=0%, Rehash=0, Collisions=0/0=0%
#  commands to execute (from `Makefile', line 25):
	$(CC) $(CCFLAGS) -o PECKS $(OBJS) $(LDFLAGS)
	

main.o: main.cc params.h
#  Implicit rule search has been done.
#  Implicit/static pattern stem: `main'
#  Last modified 2022-07-03 22:47:49
#  File has been updated.
#  Successfully updated.
# variable set hash-table stats:
# Load=0/32=0%, Rehash=0, Collisions=0/0=0%
#  commands to execute (from `Makefile', line 28):
	$(CC) $(CCFLAGS) -c $< 
	

Algebra.o: Algebra.cc params.h
#  Implicit rule search has been done.
#  Implicit/static pattern stem: `Algebra'
#  Last modified 2022-07-03 22:47:43
#  File has been updated.
#  Successfully updated.
# variable set hash-table stats:
# Load=0/32=0%, Rehash=0, Collisions=0/0=0%
#  commands to execute (from `Makefile', line 28):
	$(CC) $(CCFLAGS) -c $< 
	

# Not a target:
main.cc:
#  Implicit rule search has been done.
#  Last modified 2022-07-03 22:30:14
#  File has been updated.
#  Successfully updated.
# variable set hash-table stats:
# Load=0/32=0%, Rehash=0, Collisions=0/0=0%

# Not a target:
Algebra.cc:
#  Implicit rule search has been done.
#  Last modified 2022-07-03 18:14:10
#  File has been updated.
#  Successfully updated.
# variable set hash-table stats:
# Load=0/32=0%, Rehash=0, Collisions=0/0=0%

Random.o: Random.cc params.h
#  Implicit rule search has been done.
#  Implicit/static pattern stem: `Random'
#  Last modified 2022-07-03 22:47:45
#  File has been updated.
#  Successfully updated.
# variable set hash-table stats:
# Load=0/32=0%, Rehash=0, Collisions=0/0=0%
#  commands to execute (from `Makefile', line 28):
	$(CC) $(CCFLAGS) -c $< 
	

# files hash-table stats:
# Load=23/1024=2%, Rehash=0, Collisions=10/82=12%
# VPATH Search Paths

# No `vpath' search paths.

# No general (`VPATH' variable) search path.

# # of strings in strcache: 1
# # of strcache buffers: 1
# strcache size: total = 4096 / max = 4096 / min = 4096 / avg = 4096
# strcache free: total = 4087 / max = 4087 / min = 4087 / avg = 4087

# Finished Make data base on Sun Jul  3 22:57:59 2022

 
